<?xml version="1.0" encoding="UTF-8"?>
<testng-results skipped="0" failed="0" total="1" passed="1">
  <reporter-output>
  </reporter-output>
  <suite name="TestMaven.NewTest" duration-ms="25474" started-at="2020-01-12T07:49:29Z" finished-at="2020-01-12T07:49:55Z">
    <groups>
    </groups>
    <test name="Command line test" duration-ms="25474" started-at="2020-01-12T07:49:29Z" finished-at="2020-01-12T07:49:55Z">
      <class name="TestMaven.NewTest">
        <test-method status="PASS" signature="f()[pri:0, instance:TestMaven.NewTest@566776ad]" name="f" duration-ms="25447" started-at="2020-01-12T13:19:29Z" finished-at="2020-01-12T13:19:55Z">
          <reporter-output>
          </reporter-output>
        </test-method> <!-- f -->
      </class> <!-- TestMaven.NewTest -->
    </test> <!-- Command line test -->
  </suite> <!-- TestMaven.NewTest -->
</testng-results>
