<?xml version="1.0" encoding="UTF-8"?>
<testng-results skipped="0" failed="0" ignored="0" total="1" passed="1">
  <reporter-output>
  </reporter-output>
  <suite name="Default suite" duration-ms="14016" started-at="2020-01-05T11:28:03 IST" finished-at="2020-01-05T11:28:17 IST">
    <groups>
    </groups>
    <test name="Default test" duration-ms="14016" started-at="2020-01-05T11:28:03 IST" finished-at="2020-01-05T11:28:17 IST">
      <class name="TestMaven.NewTest">
        <test-method status="PASS" signature="f()[pri:0, instance:TestMaven.NewTest@35d176f7]" name="f" duration-ms="13961" started-at="2020-01-05T11:28:03 IST" finished-at="2020-01-05T11:28:17 IST">
          <reporter-output>
          </reporter-output>
        </test-method> <!-- f -->
      </class> <!-- TestMaven.NewTest -->
    </test> <!-- Default test -->
  </suite> <!-- Default suite -->
</testng-results>
